C51 COMPILER V9.60.7.0   MAIN                                                              06/30/2024 17:02:58 PAGE 1   


C51 COMPILER V9.60.7.0, COMPILATION OF MODULE MAIN
OBJECT MODULE PLACED IN main.OBJ
COMPILER INVOKED BY: C:\Keil_v5\C51\BIN\C51.EXE main.c OPTIMIZE(8,SPEED) BROWSE DEBUG OBJECTEXTEND TABS(2)

line level    source

   1          #include "main.h"
   2          
   3          unsigned char xdata PTWY _at_ 0x8008; // Rejestr portu sterujacego diodami L0-L7
   4          unsigned int myint=1;
   5          unsigned int direction=0;
   6          
   7          extern unsigned int GETADC( unsigned int myint);
   8          extern void _SL33P();
   9           
  10          
  11          void main(void) {
  12   1        
  13   1           while(1) {
  14   2            myint = GETADC( myint );
  15   2            _SL33P();
  16   2           } 
  17   1      }
  18          
  19           
  20           
  21          


MODULE INFORMATION:   STATIC OVERLAYABLE
   CODE SIZE        =     16    ----
   CONSTANT SIZE    =   ----    ----
   XDATA SIZE       =   ----    ----
   PDATA SIZE       =   ----    ----
   DATA SIZE        =      4    ----
   IDATA SIZE       =   ----    ----
   BIT SIZE         =   ----    ----
END OF MODULE INFORMATION.


C51 COMPILATION COMPLETE.  0 WARNING(S),  0 ERROR(S)
